Using pre-set license
Built from '2021.1/staging' branch; Version is '2021.1.17f1 (03b40fe07a36) revision 242703'; Using compiler version '192528614'; Build Type 'Release'
OS: 'Windows 10 Home Single Language; OS build 18363.720; Version 1909; 64bit' Language: 'ru' Physical Memory: 4001 MB
BatchMode: 1, IsHumanControllingUs: 0, StartBugReporterOnCrash: 0, Is64bit: 1, IsPro: 0

 COMMAND LINE ARGUMENTS:
C:\Unity\2021.1.17f1\Editor\Unity.exe
-adb2
-batchMode
-noUpm
-name
AssetImportWorker2
-projectPath
C:/Users/Meliodas/Desktop/Games/Clock
-logFile
Logs/AssetImportWorker2.log
-srvPort
52353
Successfully changed project path to: C:/Users/Meliodas/Desktop/Games/Clock
C:/Users/Meliodas/Desktop/Games/Clock
Using Asset Import Pipeline V2.
